Analysis & Synthesis report for serial1
Tue Oct 22 12:48:36 2019
Quartus Prime Version 18.0.0 Build 614 04/24/2018 SJ Lite Edition


---------------------
; Table of Contents ;
---------------------
  1. Legal Notice
  2. Analysis & Synthesis Summary
  3. Analysis & Synthesis Settings
  4. Parallel Compilation
  5. Analysis & Synthesis Source Files Read
  6. Analysis & Synthesis Resource Usage Summary
  7. Analysis & Synthesis Resource Utilization by Entity
  8. Registers Removed During Synthesis
  9. General Register Statistics
 10. Inverted Register Statistics
 11. Multiplexer Restructuring Statistics (Restructuring Performed)
 12. Parameter Settings for User Entity Instance: async_transmitter:232_trans
 13. Parameter Settings for User Entity Instance: async_transmitter:232_trans|BaudTickGen:tickgen
 14. Parameter Settings for User Entity Instance: async_receiver:232_rec
 15. Parameter Settings for User Entity Instance: async_receiver:232_rec|BaudTickGen:tickgen
 16. Port Connectivity Checks: "async_receiver:232_rec|BaudTickGen:tickgen"
 17. Post-Synthesis Netlist Statistics for Top Partition
 18. Elapsed Time Per Partition
 19. Analysis & Synthesis Messages
 20. Analysis & Synthesis Suppressed Messages



----------------
; Legal Notice ;
----------------
Copyright (C) 2018  Intel Corporation. All rights reserved.
Your use of Intel Corporation's design tools, logic functions 
and other software and tools, and its AMPP partner logic 
functions, and any output files from any of the foregoing 
(including device programming or simulation files), and any 
associated documentation or information are expressly subject 
to the terms and conditions of the Intel Program License 
Subscription Agreement, the Intel Quartus Prime License Agreement,
the Intel FPGA IP License Agreement, or other applicable license
agreement, including, without limitation, that your use is for
the sole purpose of programming logic devices manufactured by
Intel and sold by Intel or its authorized distributors.  Please
refer to the applicable agreement for further details.



+----------------------------------------------------------------------------------+
; Analysis & Synthesis Summary                                                     ;
+------------------------------------+---------------------------------------------+
; Analysis & Synthesis Status        ; Successful - Tue Oct 22 12:48:36 2019       ;
; Quartus Prime Version              ; 18.0.0 Build 614 04/24/2018 SJ Lite Edition ;
; Revision Name                      ; serial1                                     ;
; Top-level Entity Name              ; serial1                                     ;
; Family                             ; Cyclone IV E                                ;
; Total logic elements               ; 272                                         ;
;     Total combinational functions  ; 256                                         ;
;     Dedicated logic registers      ; 153                                         ;
; Total registers                    ; 153                                         ;
; Total pins                         ; 10                                          ;
; Total virtual pins                 ; 0                                           ;
; Total memory bits                  ; 0                                           ;
; Embedded Multiplier 9-bit elements ; 0                                           ;
; Total PLLs                         ; 0                                           ;
+------------------------------------+---------------------------------------------+


+------------------------------------------------------------------------------------------------------------+
; Analysis & Synthesis Settings                                                                              ;
+------------------------------------------------------------------+--------------------+--------------------+
; Option                                                           ; Setting            ; Default Value      ;
+------------------------------------------------------------------+--------------------+--------------------+
; Device                                                           ; EP4CE22F17C6       ;                    ;
; Top-level entity name                                            ; serial1            ; serial1            ;
; Family name                                                      ; Cyclone IV E       ; Cyclone V          ;
; Use smart compilation                                            ; Off                ; Off                ;
; Enable parallel Assembler and Timing Analyzer during compilation ; On                 ; On                 ;
; Enable compact report table                                      ; Off                ; Off                ;
; Restructure Multiplexers                                         ; Auto               ; Auto               ;
; Create Debugging Nodes for IP Cores                              ; Off                ; Off                ;
; Preserve fewer node names                                        ; On                 ; On                 ;
; Intel FPGA IP Evaluation Mode                                    ; Enable             ; Enable             ;
; Verilog Version                                                  ; Verilog_2001       ; Verilog_2001       ;
; VHDL Version                                                     ; VHDL_1993          ; VHDL_1993          ;
; State Machine Processing                                         ; Auto               ; Auto               ;
; Safe State Machine                                               ; Off                ; Off                ;
; Extract Verilog State Machines                                   ; On                 ; On                 ;
; Extract VHDL State Machines                                      ; On                 ; On                 ;
; Ignore Verilog initial constructs                                ; Off                ; Off                ;
; Iteration limit for constant Verilog loops                       ; 5000               ; 5000               ;
; Iteration limit for non-constant Verilog loops                   ; 250                ; 250                ;
; Add Pass-Through Logic to Inferred RAMs                          ; On                 ; On                 ;
; Infer RAMs from Raw Logic                                        ; On                 ; On                 ;
; Parallel Synthesis                                               ; On                 ; On                 ;
; DSP Block Balancing                                              ; Auto               ; Auto               ;
; NOT Gate Push-Back                                               ; On                 ; On                 ;
; Power-Up Don't Care                                              ; On                 ; On                 ;
; Remove Redundant Logic Cells                                     ; Off                ; Off                ;
; Remove Duplicate Registers                                       ; On                 ; On                 ;
; Ignore CARRY Buffers                                             ; Off                ; Off                ;
; Ignore CASCADE Buffers                                           ; Off                ; Off                ;
; Ignore GLOBAL Buffers                                            ; Off                ; Off                ;
; Ignore ROW GLOBAL Buffers                                        ; Off                ; Off                ;
; Ignore LCELL Buffers                                             ; Off                ; Off                ;
; Ignore SOFT Buffers                                              ; On                 ; On                 ;
; Limit AHDL Integers to 32 Bits                                   ; Off                ; Off                ;
; Optimization Technique                                           ; Balanced           ; Balanced           ;
; Carry Chain Length                                               ; 70                 ; 70                 ;
; Auto Carry Chains                                                ; On                 ; On                 ;
; Auto Open-Drain Pins                                             ; On                 ; On                 ;
; Perform WYSIWYG Primitive Resynthesis                            ; Off                ; Off                ;
; Auto ROM Replacement                                             ; On                 ; On                 ;
; Auto RAM Replacement                                             ; On                 ; On                 ;
; Auto DSP Block Replacement                                       ; On                 ; On                 ;
; Auto Shift Register Replacement                                  ; Auto               ; Auto               ;
; Allow Shift Register Merging across Hierarchies                  ; Auto               ; Auto               ;
; Auto Clock Enable Replacement                                    ; On                 ; On                 ;
; Strict RAM Replacement                                           ; Off                ; Off                ;
; Allow Synchronous Control Signals                                ; On                 ; On                 ;
; Force Use of Synchronous Clear Signals                           ; Off                ; Off                ;
; Auto RAM Block Balancing                                         ; On                 ; On                 ;
; Auto RAM to Logic Cell Conversion                                ; Off                ; Off                ;
; Auto Resource Sharing                                            ; Off                ; Off                ;
; Allow Any RAM Size For Recognition                               ; Off                ; Off                ;
; Allow Any ROM Size For Recognition                               ; Off                ; Off                ;
; Allow Any Shift Register Size For Recognition                    ; Off                ; Off                ;
; Use LogicLock Constraints during Resource Balancing              ; On                 ; On                 ;
; Ignore translate_off and synthesis_off directives                ; Off                ; Off                ;
; Timing-Driven Synthesis                                          ; On                 ; On                 ;
; Report Parameter Settings                                        ; On                 ; On                 ;
; Report Source Assignments                                        ; On                 ; On                 ;
; Report Connectivity Checks                                       ; On                 ; On                 ;
; Ignore Maximum Fan-Out Assignments                               ; Off                ; Off                ;
; Synchronization Register Chain Length                            ; 2                  ; 2                  ;
; Power Optimization During Synthesis                              ; Normal compilation ; Normal compilation ;
; HDL message level                                                ; Level2             ; Level2             ;
; Suppress Register Optimization Related Messages                  ; Off                ; Off                ;
; Number of Removed Registers Reported in Synthesis Report         ; 5000               ; 5000               ;
; Number of Swept Nodes Reported in Synthesis Report               ; 5000               ; 5000               ;
; Number of Inverted Registers Reported in Synthesis Report        ; 100                ; 100                ;
; Clock MUX Protection                                             ; On                 ; On                 ;
; Auto Gated Clock Conversion                                      ; Off                ; Off                ;
; Block Design Naming                                              ; Auto               ; Auto               ;
; SDC constraint protection                                        ; Off                ; Off                ;
; Synthesis Effort                                                 ; Auto               ; Auto               ;
; Shift Register Replacement - Allow Asynchronous Clear Signal     ; On                 ; On                 ;
; Pre-Mapping Resynthesis Optimization                             ; Off                ; Off                ;
; Analysis & Synthesis Message Level                               ; Medium             ; Medium             ;
; Disable Register Merging Across Hierarchies                      ; Auto               ; Auto               ;
; Resource Aware Inference For Block RAM                           ; On                 ; On                 ;
+------------------------------------------------------------------+--------------------+--------------------+


+------------------------------------------+
; Parallel Compilation                     ;
+----------------------------+-------------+
; Processors                 ; Number      ;
+----------------------------+-------------+
; Number detected on machine ; 8           ;
; Maximum allowed            ; 4           ;
;                            ;             ;
; Average used               ; 1.00        ;
; Maximum used               ; 4           ;
;                            ;             ;
; Usage by Processor         ; % Time Used ;
;     Processor 1            ; 100.0%      ;
;     Processors 2-4         ;   0.0%      ;
+----------------------------+-------------+


+---------------------------------------------------------------------------------------------------------------------------------------------------------------------------------------------------------------------------+
; Analysis & Synthesis Source Files Read                                                                                                                                                                                    ;
+----------------------------------+-----------------+------------------------------------+-----------------------------------------------------------------------------------------------------------------------+---------+
; File Name with User-Entered Path ; Used in Netlist ; File Type                          ; File Name with Absolute Path                                                                                          ; Library ;
+----------------------------------+-----------------+------------------------------------+-----------------------------------------------------------------------------------------------------------------------+---------+
; serial1.bdf                      ; yes             ; User Block Diagram/Schematic File  ; C:/Users/ahaas/Dropbox/cygwin/home/cygwinhome/dist_board/trig3_board_muon-lifetime_de0nano-firmware/serial1.bdf       ;         ;
; delayer.v                        ; yes             ; User Verilog HDL File              ; C:/Users/ahaas/Dropbox/cygwin/home/cygwinhome/dist_board/trig3_board_muon-lifetime_de0nano-firmware/delayer.v         ;         ;
; serialprocessor.v                ; yes             ; User Verilog HDL File              ; C:/Users/ahaas/Dropbox/cygwin/home/cygwinhome/dist_board/trig3_board_muon-lifetime_de0nano-firmware/serialprocessor.v ;         ;
; async.v                          ; yes             ; User Verilog HDL File              ; C:/Users/ahaas/Dropbox/cygwin/home/cygwinhome/dist_board/trig3_board_muon-lifetime_de0nano-firmware/async.v           ;         ;
+----------------------------------+-----------------+------------------------------------+-----------------------------------------------------------------------------------------------------------------------+---------+


+------------------------------------------------------------+
; Analysis & Synthesis Resource Usage Summary                ;
+---------------------------------------------+--------------+
; Resource                                    ; Usage        ;
+---------------------------------------------+--------------+
; Estimated Total logic elements              ; 272          ;
;                                             ;              ;
; Total combinational functions               ; 256          ;
; Logic element usage by number of LUT inputs ;              ;
;     -- 4 input functions                    ; 89           ;
;     -- 3 input functions                    ; 40           ;
;     -- <=2 input functions                  ; 127          ;
;                                             ;              ;
; Logic elements by mode                      ;              ;
;     -- normal mode                          ; 158          ;
;     -- arithmetic mode                      ; 98           ;
;                                             ;              ;
; Total registers                             ; 153          ;
;     -- Dedicated logic registers            ; 153          ;
;     -- I/O registers                        ; 0            ;
;                                             ;              ;
; I/O pins                                    ; 10           ;
;                                             ;              ;
; Embedded Multiplier 9-bit elements          ; 0            ;
;                                             ;              ;
; Maximum fan-out node                        ; clock1~input ;
; Maximum fan-out                             ; 153          ;
; Total fan-out                               ; 1153         ;
; Average fan-out                             ; 2.69         ;
+---------------------------------------------+--------------+


+-----------------------------------------------------------------------------------------------------------------------------------------------------------------------------------------------------------------------------------------------------------+
; Analysis & Synthesis Resource Utilization by Entity                                                                                                                                                                                                       ;
+----------------------------------+---------------------+---------------------------+-------------+--------------+---------+-----------+------+--------------+----------------------------------------------------------+-------------------+--------------+
; Compilation Hierarchy Node       ; Combinational ALUTs ; Dedicated Logic Registers ; Memory Bits ; DSP Elements ; DSP 9x9 ; DSP 18x18 ; Pins ; Virtual Pins ; Full Hierarchy Name                                      ; Entity Name       ; Library Name ;
+----------------------------------+---------------------+---------------------------+-------------+--------------+---------+-----------+------+--------------+----------------------------------------------------------+-------------------+--------------+
; |serial1                         ; 256 (1)             ; 153 (0)                   ; 0           ; 0            ; 0       ; 0         ; 10   ; 0            ; |serial1                                                 ; serial1           ; work         ;
;    |SyncDelay:inst4|             ; 132 (132)           ; 47 (47)                   ; 0           ; 0            ; 0       ; 0         ; 0    ; 0            ; |serial1|SyncDelay:inst4                                 ; SyncDelay         ; work         ;
;    |async_receiver:232_rec|      ; 35 (20)             ; 35 (21)                   ; 0           ; 0            ; 0       ; 0         ; 0    ; 0            ; |serial1|async_receiver:232_rec                          ; async_receiver    ; work         ;
;       |BaudTickGen:tickgen|      ; 15 (15)             ; 14 (14)                   ; 0           ; 0            ; 0       ; 0         ; 0    ; 0            ; |serial1|async_receiver:232_rec|BaudTickGen:tickgen      ; BaudTickGen       ; work         ;
;    |async_transmitter:232_trans| ; 40 (23)             ; 29 (12)                   ; 0           ; 0            ; 0       ; 0         ; 0    ; 0            ; |serial1|async_transmitter:232_trans                     ; async_transmitter ; work         ;
;       |BaudTickGen:tickgen|      ; 17 (17)             ; 17 (17)                   ; 0           ; 0            ; 0       ; 0         ; 0    ; 0            ; |serial1|async_transmitter:232_trans|BaudTickGen:tickgen ; BaudTickGen       ; work         ;
;    |processor:inst|              ; 48 (48)             ; 42 (42)                   ; 0           ; 0            ; 0       ; 0         ; 0    ; 0            ; |serial1|processor:inst                                  ; processor         ; work         ;
+----------------------------------+---------------------+---------------------------+-------------+--------------+---------+-----------+------+--------------+----------------------------------------------------------+-------------------+--------------+
Note: For table entries with two numbers listed, the numbers in parentheses indicate the number of resources of the given type used by the specific entity alone. The numbers listed outside of parentheses indicate the total resources of the given type used by the specific entity and all of its sub-entities in the hierarchy.


+--------------------------------------------------------------------------------------------------------+
; Registers Removed During Synthesis                                                                     ;
+----------------------------------------+---------------------------------------------------------------+
; Register name                          ; Reason for Removal                                            ;
+----------------------------------------+---------------------------------------------------------------+
; processor:inst|state[2..9,11..31]      ; Merged with processor:inst|state[10]                          ;
; processor:inst|state[10]               ; Stuck at GND due to stuck port data_in                        ;
; SyncDelay:inst4|rollover[0]            ; Merged with async_receiver:232_rec|BaudTickGen:tickgen|Acc[4] ;
; Total Number of Removed Registers = 31 ;                                                               ;
+----------------------------------------+---------------------------------------------------------------+


+------------------------------------------------------+
; General Register Statistics                          ;
+----------------------------------------------+-------+
; Statistic                                    ; Value ;
+----------------------------------------------+-------+
; Total registers                              ; 153   ;
; Number of registers using Synchronous Clear  ; 0     ;
; Number of registers using Synchronous Load   ; 25    ;
; Number of registers using Asynchronous Clear ; 0     ;
; Number of registers using Asynchronous Load  ; 0     ;
; Number of registers using Clock Enable       ; 70    ;
; Number of registers using Preset             ; 0     ;
+----------------------------------------------+-------+


+--------------------------------------------------+
; Inverted Register Statistics                     ;
+----------------------------------------+---------+
; Inverted Register                      ; Fan out ;
+----------------------------------------+---------+
; async_receiver:232_rec|RxD_bit         ; 4       ;
; async_receiver:232_rec|Filter_cnt[0]   ; 3       ;
; async_receiver:232_rec|Filter_cnt[1]   ; 3       ;
; async_receiver:232_rec|RxD_sync[1]     ; 2       ;
; async_receiver:232_rec|RxD_sync[0]     ; 1       ;
; Total number of inverted registers = 5 ;         ;
+----------------------------------------+---------+


+-----------------------------------------------------------------------------------------------------------------------------------------------------------------+
; Multiplexer Restructuring Statistics (Restructuring Performed)                                                                                                  ;
+--------------------+-----------+---------------+----------------------+------------------------+------------+---------------------------------------------------+
; Multiplexer Inputs ; Bus Width ; Baseline Area ; Area if Restructured ; Saving if Restructured ; Registered ; Example Multiplexer Output                        ;
+--------------------+-----------+---------------+----------------------+------------------------+------------+---------------------------------------------------+
; 3:1                ; 7 bits    ; 14 LEs        ; 7 LEs                ; 7 LEs                  ; Yes        ; |serial1|async_transmitter:232_trans|TxD_shift[0] ;
; 3:1                ; 8 bits    ; 16 LEs        ; 8 LEs                ; 8 LEs                  ; Yes        ; |serial1|SyncDelay:inst4|output_tot[7]            ;
+--------------------+-----------+---------------+----------------------+------------------------+------------+---------------------------------------------------+


+--------------------------------------------------------------------------+
; Parameter Settings for User Entity Instance: async_transmitter:232_trans ;
+----------------+----------+----------------------------------------------+
; Parameter Name ; Value    ; Type                                         ;
+----------------+----------+----------------------------------------------+
; ClkFrequency   ; 50000000 ; Signed Integer                               ;
; Baud           ; 115200   ; Signed Integer                               ;
+----------------+----------+----------------------------------------------+
Note: In order to hide this table in the UI and the text report file, please set the "Show Parameter Settings in Synthesis Report" option in "Analysis and Synthesis Settings -> More Settings" to "Off".


+----------------------------------------------------------------------------------------------+
; Parameter Settings for User Entity Instance: async_transmitter:232_trans|BaudTickGen:tickgen ;
+----------------+----------+------------------------------------------------------------------+
; Parameter Name ; Value    ; Type                                                             ;
+----------------+----------+------------------------------------------------------------------+
; ClkFrequency   ; 50000000 ; Signed Integer                                                   ;
; Baud           ; 115200   ; Signed Integer                                                   ;
; Oversampling   ; 1        ; Signed Integer                                                   ;
+----------------+----------+------------------------------------------------------------------+
Note: In order to hide this table in the UI and the text report file, please set the "Show Parameter Settings in Synthesis Report" option in "Analysis and Synthesis Settings -> More Settings" to "Off".


+---------------------------------------------------------------------+
; Parameter Settings for User Entity Instance: async_receiver:232_rec ;
+----------------+----------+-----------------------------------------+
; Parameter Name ; Value    ; Type                                    ;
+----------------+----------+-----------------------------------------+
; ClkFrequency   ; 50000000 ; Signed Integer                          ;
; Baud           ; 115200   ; Signed Integer                          ;
; Oversampling   ; 8        ; Signed Integer                          ;
+----------------+----------+-----------------------------------------+
Note: In order to hide this table in the UI and the text report file, please set the "Show Parameter Settings in Synthesis Report" option in "Analysis and Synthesis Settings -> More Settings" to "Off".


+-----------------------------------------------------------------------------------------+
; Parameter Settings for User Entity Instance: async_receiver:232_rec|BaudTickGen:tickgen ;
+----------------+----------+-------------------------------------------------------------+
; Parameter Name ; Value    ; Type                                                        ;
+----------------+----------+-------------------------------------------------------------+
; ClkFrequency   ; 50000000 ; Signed Integer                                              ;
; Baud           ; 115200   ; Signed Integer                                              ;
; Oversampling   ; 8        ; Signed Integer                                              ;
+----------------+----------+-------------------------------------------------------------+
Note: In order to hide this table in the UI and the text report file, please set the "Show Parameter Settings in Synthesis Report" option in "Analysis and Synthesis Settings -> More Settings" to "Off".


+------------------------------------------------------------------------+
; Port Connectivity Checks: "async_receiver:232_rec|BaudTickGen:tickgen" ;
+--------+-------+----------+--------------------------------------------+
; Port   ; Type  ; Severity ; Details                                    ;
+--------+-------+----------+--------------------------------------------+
; enable ; Input ; Info     ; Stuck at VCC                               ;
+--------+-------+----------+--------------------------------------------+


+-----------------------------------------------------+
; Post-Synthesis Netlist Statistics for Top Partition ;
+-----------------------+-----------------------------+
; Type                  ; Count                       ;
+-----------------------+-----------------------------+
; boundary_port         ; 10                          ;
; cycloneiii_ff         ; 153                         ;
;     ENA               ; 62                          ;
;     ENA SLD           ; 8                           ;
;     SLD               ; 17                          ;
;     plain             ; 66                          ;
; cycloneiii_lcell_comb ; 256                         ;
;     arith             ; 98                          ;
;         2 data inputs ; 98                          ;
;     normal            ; 158                         ;
;         0 data inputs ; 3                           ;
;         1 data inputs ; 6                           ;
;         2 data inputs ; 20                          ;
;         3 data inputs ; 40                          ;
;         4 data inputs ; 89                          ;
;                       ;                             ;
; Max LUT depth         ; 10.70                       ;
; Average LUT depth     ; 4.80                        ;
+-----------------------+-----------------------------+


+-------------------------------+
; Elapsed Time Per Partition    ;
+----------------+--------------+
; Partition Name ; Elapsed Time ;
+----------------+--------------+
; Top            ; 00:00:00     ;
+----------------+--------------+


+-------------------------------+
; Analysis & Synthesis Messages ;
+-------------------------------+
Info: *******************************************************************
Info: Running Quartus Prime Analysis & Synthesis
    Info: Version 18.0.0 Build 614 04/24/2018 SJ Lite Edition
    Info: Processing started: Tue Oct 22 12:48:25 2019
Info: Command: quartus_map --read_settings_files=on --write_settings_files=off serial1 -c serial1
Warning (18236): Number of processors has not been specified which may cause overloading on shared machines.  Set the global assignment NUM_PARALLEL_PROCESSORS in your QSF to an appropriate value for best performance.
Info (20030): Parallel compilation is enabled and will use 4 of the 4 processors detected
Info (12021): Found 1 design units, including 1 entities, in source file serial1.bdf
    Info (12023): Found entity 1: serial1
Info (12021): Found 1 design units, including 1 entities, in source file delayer.v
    Info (12023): Found entity 1: SyncDelay File: C:/Users/ahaas/Dropbox/cygwin/home/cygwinhome/dist_board/trig3_board_muon-lifetime_de0nano-firmware/delayer.v Line: 1
Info (12021): Found 1 design units, including 1 entities, in source file serialprocessor.v
    Info (12023): Found entity 1: processor File: C:/Users/ahaas/Dropbox/cygwin/home/cygwinhome/dist_board/trig3_board_muon-lifetime_de0nano-firmware/serialprocessor.v Line: 3
Info (12021): Found 4 design units, including 4 entities, in source file async.v
    Info (12023): Found entity 1: async_transmitter File: C:/Users/ahaas/Dropbox/cygwin/home/cygwinhome/dist_board/trig3_board_muon-lifetime_de0nano-firmware/async.v Line: 13
    Info (12023): Found entity 2: async_receiver File: C:/Users/ahaas/Dropbox/cygwin/home/cygwinhome/dist_board/trig3_board_muon-lifetime_de0nano-firmware/async.v Line: 74
    Info (12023): Found entity 3: ASSERTION_ERROR File: C:/Users/ahaas/Dropbox/cygwin/home/cygwinhome/dist_board/trig3_board_muon-lifetime_de0nano-firmware/async.v Line: 179
    Info (12023): Found entity 4: BaudTickGen File: C:/Users/ahaas/Dropbox/cygwin/home/cygwinhome/dist_board/trig3_board_muon-lifetime_de0nano-firmware/async.v Line: 184
Warning (10236): Verilog HDL Implicit Net warning at delayer.v(19): created implicit net for "signalA" File: C:/Users/ahaas/Dropbox/cygwin/home/cygwinhome/dist_board/trig3_board_muon-lifetime_de0nano-firmware/delayer.v Line: 19
Warning (10236): Verilog HDL Implicit Net warning at delayer.v(20): created implicit net for "signalB" File: C:/Users/ahaas/Dropbox/cygwin/home/cygwinhome/dist_board/trig3_board_muon-lifetime_de0nano-firmware/delayer.v Line: 20
Warning (10236): Verilog HDL Implicit Net warning at delayer.v(21): created implicit net for "signalC" File: C:/Users/ahaas/Dropbox/cygwin/home/cygwinhome/dist_board/trig3_board_muon-lifetime_de0nano-firmware/delayer.v Line: 21
Warning (10236): Verilog HDL Implicit Net warning at delayer.v(24): created implicit net for "start" File: C:/Users/ahaas/Dropbox/cygwin/home/cygwinhome/dist_board/trig3_board_muon-lifetime_de0nano-firmware/delayer.v Line: 24
Warning (10236): Verilog HDL Implicit Net warning at delayer.v(25): created implicit net for "stop" File: C:/Users/ahaas/Dropbox/cygwin/home/cygwinhome/dist_board/trig3_board_muon-lifetime_de0nano-firmware/delayer.v Line: 25
Info (12127): Elaborating entity "serial1" for the top level hierarchy
Info (12128): Elaborating entity "async_transmitter" for hierarchy "async_transmitter:232_trans"
Info (12128): Elaborating entity "BaudTickGen" for hierarchy "async_transmitter:232_trans|BaudTickGen:tickgen" File: C:/Users/ahaas/Dropbox/cygwin/home/cygwinhome/dist_board/trig3_board_muon-lifetime_de0nano-firmware/async.v Line: 36
Info (12128): Elaborating entity "SyncDelay" for hierarchy "SyncDelay:inst4"
Warning (10230): Verilog HDL assignment warning at delayer.v(58): truncated value with size 32 to match size of target (2) File: C:/Users/ahaas/Dropbox/cygwin/home/cygwinhome/dist_board/trig3_board_muon-lifetime_de0nano-firmware/delayer.v Line: 58
Warning (10230): Verilog HDL assignment warning at delayer.v(61): truncated value with size 32 to match size of target (8) File: C:/Users/ahaas/Dropbox/cygwin/home/cygwinhome/dist_board/trig3_board_muon-lifetime_de0nano-firmware/delayer.v Line: 61
Info (12128): Elaborating entity "processor" for hierarchy "processor:inst"
Warning (10762): Verilog HDL Case Statement warning at serialprocessor.v(26): can't check case statement for completeness because the case expression has too many possible states File: C:/Users/ahaas/Dropbox/cygwin/home/cygwinhome/dist_board/trig3_board_muon-lifetime_de0nano-firmware/serialprocessor.v Line: 26
Info (12128): Elaborating entity "async_receiver" for hierarchy "async_receiver:232_rec"
Info (12128): Elaborating entity "BaudTickGen" for hierarchy "async_receiver:232_rec|BaudTickGen:tickgen" File: C:/Users/ahaas/Dropbox/cygwin/home/cygwinhome/dist_board/trig3_board_muon-lifetime_de0nano-firmware/async.v Line: 108
Info (286030): Timing-Driven Synthesis is running
Info (144001): Generated suppressed messages file C:/Users/ahaas/Dropbox/cygwin/home/cygwinhome/dist_board/trig3_board_muon-lifetime_de0nano-firmware/output_files/serial1.map.smsg
Info (16010): Generating hard_block partition "hard_block:auto_generated_inst"
    Info (16011): Adding 0 node(s), including 0 DDIO, 0 PLL, 0 transceiver and 0 LCELL
Info (21057): Implemented 309 device resources after synthesis - the final resource count might be different
    Info (21058): Implemented 5 input pins
    Info (21059): Implemented 5 output pins
    Info (21061): Implemented 299 logic cells
Info: Quartus Prime Analysis & Synthesis was successful. 0 errors, 9 warnings
    Info: Peak virtual memory: 4771 megabytes
    Info: Processing ended: Tue Oct 22 12:48:36 2019
    Info: Elapsed time: 00:00:11
    Info: Total CPU time (on all processors): 00:00:23


+------------------------------------------+
; Analysis & Synthesis Suppressed Messages ;
+------------------------------------------+
The suppressed messages can be found in C:/Users/ahaas/Dropbox/cygwin/home/cygwinhome/dist_board/trig3_board_muon-lifetime_de0nano-firmware/output_files/serial1.map.smsg.


