IP Upgrade report for serial1
Mon Oct 21 11:37:43 2019
Quartus Prime Version 18.0.0 Build 614 04/24/2018 SJ Lite Edition


---------------------
; Table of Contents ;
---------------------
  1. Legal Notice
  2. IP Upgrade Summary
  3. Failed Upgrade IP Components
  4. IP Upgrade Messages



----------------
; Legal Notice ;
----------------
Copyright (C) 2018  Intel Corporation. All rights reserved.
Your use of Intel Corporation's design tools, logic functions 
and other software and tools, and its AMPP partner logic 
functions, and any output files from any of the foregoing 
(including device programming or simulation files), and any 
associated documentation or information are expressly subject 
to the terms and conditions of the Intel Program License 
Subscription Agreement, the Intel Quartus Prime License Agreement,
the Intel FPGA IP License Agreement, or other applicable license
agreement, including, without limitation, that your use is for
the sole purpose of programming logic devices manufactured by
Intel and sold by Intel or its authorized distributors.  Please
refer to the applicable agreement for further details.



+----------------------------------------------------------------------------+
; IP Upgrade Summary                                                         ;
+------------------------------+---------------------------------------------+
; IP Components Upgrade Status ; Failed - Mon Oct 21 11:37:43 2019           ;
; Quartus Prime Version        ; 18.0.0 Build 614 04/24/2018 SJ Lite Edition ;
; Revision Name                ; serial1                                     ;
; Top-level Entity Name        ; serial1                                     ;
; Family                       ; Cyclone IV E                                ;
+------------------------------+---------------------------------------------+


+-----------------------------------------------------------------------------------------------------------------------------------------------------------------------+
; Failed Upgrade IP Components                                                                                                                                          ;
+-------------+----------------+---------+--------------------------+------------------------+-----------------+--------------------------------------------------------+
; Entity Name ; Component Name ; Version ; Original Source File     ; Generation File Path   ; New Source File ; Message                                                ;
+-------------+----------------+---------+--------------------------+------------------------+-----------------+--------------------------------------------------------+
; altpll0     ; ALTPLL         ; 13.0    ; output_files/altpll0.qip ; output_files/altpll0.v ;                 ; Error upgrading IP component "output_files/altpll0.v". ;
+-------------+----------------+---------+--------------------------+------------------------+-----------------+--------------------------------------------------------+


+---------------------+
; IP Upgrade Messages ;
+---------------------+
Info (11902): Backing up file "output_files/altpll0.v" to "output_files/altpll0.BAK.v"
Info (11837): Started upgrading IP component ALTPLL with file "output_files/altpll0.v"
Info (11904): Restoring file "output_files/altpll0.BAK.v" to "output_files/altpll0.v"
Error (14921): Error upgrading IP component "output_files/altpll0.v".
Error (11133): IP component ALTPLL with file "output_files/altpll0.v" upgrade failed
Error (11889): IP component upgrade failed
Error (23031): Evaluation of Tcl script c:/altera/18.0/quartus/common/tcl/internal/ip_regen/ip_regen.tcl unsuccessful
Error: Quartus Prime Shell was unsuccessful. 4 errors, 0 warnings
    Error: Peak virtual memory: 4859 megabytes
    Error: Processing ended: Mon Oct 21 11:37:43 2019
    Error: Elapsed time: 00:00:11
    Error: Total CPU time (on all processors): 00:00:27


